info: Microsoft.Hosting.Lifetime[14]
      Now listening on: http://127.0.0.1:18101
info: Microsoft.Hosting.Lifetime[0]
      Application started. Press Ctrl+C to shut down.
info: Microsoft.Hosting.Lifetime[0]
      Hosting environment: Production
info: Microsoft.Hosting.Lifetime[0]
      Content root path: D:\trading advisor 3000\artifacts\f1\phase05\real-broker-process\20260331T144904Z-7a1dc827e46e\publish
info: Microsoft.AspNetCore.Hosting.Diagnostics[1]
      Request starting HTTP/1.1 GET http://127.0.0.1:18101/health - - -
info: Microsoft.AspNetCore.Routing.EndpointMiddleware[0]
      Executing endpoint 'HTTP: GET /health'
info: Microsoft.AspNetCore.Http.Result.OkObjectResult[1]
      Setting HTTP status code 200.
info: Microsoft.AspNetCore.Http.Result.OkObjectResult[3]
      Writing value of type 'HealthPayload' as Json.
info: Microsoft.AspNetCore.Routing.EndpointMiddleware[1]
      Executed endpoint 'HTTP: GET /health'
info: Microsoft.AspNetCore.Hosting.Diagnostics[2]
      Request finished HTTP/1.1 GET http://127.0.0.1:18101/health - 200 - application/json;+charset=utf-8 80.6307ms
info: Microsoft.AspNetCore.Hosting.Diagnostics[1]
      Request starting HTTP/1.1 GET http://127.0.0.1:18101/health - - -
info: Microsoft.AspNetCore.Routing.EndpointMiddleware[0]
      Executing endpoint 'HTTP: GET /health'
info: Microsoft.AspNetCore.Http.Result.OkObjectResult[1]
      Setting HTTP status code 200.
info: Microsoft.AspNetCore.Http.Result.OkObjectResult[3]
      Writing value of type 'HealthPayload' as Json.
info: Microsoft.AspNetCore.Routing.EndpointMiddleware[1]
      Executed endpoint 'HTTP: GET /health'
info: Microsoft.AspNetCore.Hosting.Diagnostics[2]
      Request finished HTTP/1.1 GET http://127.0.0.1:18101/health - 200 - application/json;+charset=utf-8 4.8867ms
info: Microsoft.AspNetCore.Hosting.Diagnostics[1]
      Request starting HTTP/1.1 GET http://127.0.0.1:18101/health - - -
info: Microsoft.AspNetCore.Routing.EndpointMiddleware[0]
      Executing endpoint 'HTTP: GET /health'
info: Microsoft.AspNetCore.Http.Result.OkObjectResult[1]
      Setting HTTP status code 200.
info: Microsoft.AspNetCore.Http.Result.OkObjectResult[3]
      Writing value of type 'HealthPayload' as Json.
info: Microsoft.AspNetCore.Routing.EndpointMiddleware[1]
      Executed endpoint 'HTTP: GET /health'
info: Microsoft.AspNetCore.Hosting.Diagnostics[2]
      Request finished HTTP/1.1 GET http://127.0.0.1:18101/health - 200 - application/json;+charset=utf-8 1.1623ms
info: Microsoft.AspNetCore.Hosting.Diagnostics[1]
      Request starting HTTP/1.1 POST http://127.0.0.1:18101/v1/intents/submit - application/json;+charset=utf-8 287
info: Microsoft.AspNetCore.Routing.EndpointMiddleware[0]
      Executing endpoint 'HTTP: POST /v1/intents/submit'
info: Microsoft.AspNetCore.Http.Result.JsonResult[1]
      Setting HTTP status code 200.
info: Microsoft.AspNetCore.Http.Result.JsonResult[3]
      Writing value of type 'SubmitAckEnvelope' as Json.
info: Microsoft.AspNetCore.Routing.EndpointMiddleware[1]
      Executed endpoint 'HTTP: POST /v1/intents/submit'
info: Microsoft.AspNetCore.Hosting.Diagnostics[2]
      Request finished HTTP/1.1 POST http://127.0.0.1:18101/v1/intents/submit - 200 - application/json;+charset=utf-8 11.1711ms
info: Microsoft.AspNetCore.Hosting.Diagnostics[1]
      Request starting HTTP/1.1 GET http://127.0.0.1:18101/v1/stream/updates?cursor=&limit=500 - - -
info: Microsoft.AspNetCore.Routing.EndpointMiddleware[0]
      Executing endpoint 'HTTP: GET /v1/stream/updates'
info: Microsoft.AspNetCore.Http.Result.JsonResult[1]
      Setting HTTP status code 200.
info: Microsoft.AspNetCore.Http.Result.JsonResult[3]
      Writing value of type 'UpdatesEnvelope' as Json.
info: Microsoft.AspNetCore.Routing.EndpointMiddleware[1]
      Executed endpoint 'HTTP: GET /v1/stream/updates'
info: Microsoft.AspNetCore.Hosting.Diagnostics[2]
      Request finished HTTP/1.1 GET http://127.0.0.1:18101/v1/stream/updates?cursor=&limit=500 - 200 - application/json;+charset=utf-8 15.3179ms
info: Microsoft.AspNetCore.Hosting.Diagnostics[1]
      Request starting HTTP/1.1 GET http://127.0.0.1:18101/v1/stream/fills?cursor=&limit=500 - - -
info: Microsoft.AspNetCore.Routing.EndpointMiddleware[0]
      Executing endpoint 'HTTP: GET /v1/stream/fills'
info: Microsoft.AspNetCore.Http.Result.JsonResult[1]
      Setting HTTP status code 200.
info: Microsoft.AspNetCore.Http.Result.JsonResult[3]
      Writing value of type 'FillsEnvelope' as Json.
info: Microsoft.AspNetCore.Routing.EndpointMiddleware[1]
      Executed endpoint 'HTTP: GET /v1/stream/fills'
info: Microsoft.AspNetCore.Hosting.Diagnostics[2]
      Request finished HTTP/1.1 GET http://127.0.0.1:18101/v1/stream/fills?cursor=&limit=500 - 200 - application/json;+charset=utf-8 5.4201ms
info: Microsoft.AspNetCore.Hosting.Diagnostics[1]
      Request starting HTTP/1.1 POST http://127.0.0.1:18101/v1/intents/submit - application/json;+charset=utf-8 284
info: Microsoft.AspNetCore.Routing.EndpointMiddleware[0]
      Executing endpoint 'HTTP: POST /v1/intents/submit'
info: Microsoft.AspNetCore.Http.Result.JsonResult[1]
      Setting HTTP status code 200.
info: Microsoft.AspNetCore.Http.Result.JsonResult[3]
      Writing value of type 'SubmitAckEnvelope' as Json.
info: Microsoft.AspNetCore.Routing.EndpointMiddleware[1]
      Executed endpoint 'HTTP: POST /v1/intents/submit'
info: Microsoft.AspNetCore.Hosting.Diagnostics[2]
      Request finished HTTP/1.1 POST http://127.0.0.1:18101/v1/intents/submit - 200 - application/json;+charset=utf-8 2.7878ms
info: Microsoft.AspNetCore.Hosting.Diagnostics[1]
      Request starting HTTP/1.1 POST http://127.0.0.1:18101/v1/intents/submit - application/json;+charset=utf-8 284
info: Microsoft.AspNetCore.Routing.EndpointMiddleware[0]
      Executing endpoint 'HTTP: POST /v1/intents/submit'
info: Microsoft.AspNetCore.Http.Result.JsonResult[1]
      Setting HTTP status code 200.
info: Microsoft.AspNetCore.Http.Result.JsonResult[3]
      Writing value of type 'SubmitAckEnvelope' as Json.
info: Microsoft.AspNetCore.Routing.EndpointMiddleware[1]
      Executed endpoint 'HTTP: POST /v1/intents/submit'
info: Microsoft.AspNetCore.Hosting.Diagnostics[2]
      Request finished HTTP/1.1 POST http://127.0.0.1:18101/v1/intents/submit - 200 - application/json;+charset=utf-8 2.0715ms
info: Microsoft.AspNetCore.Hosting.Diagnostics[1]
      Request starting HTTP/1.1 POST http://127.0.0.1:18101/v1/intents/submit - application/json;+charset=utf-8 284
info: Microsoft.AspNetCore.Routing.EndpointMiddleware[0]
      Executing endpoint 'HTTP: POST /v1/intents/submit'
info: Microsoft.AspNetCore.Http.Result.JsonResult[1]
      Setting HTTP status code 200.
info: Microsoft.AspNetCore.Http.Result.JsonResult[3]
      Writing value of type 'SubmitAckEnvelope' as Json.
info: Microsoft.AspNetCore.Routing.EndpointMiddleware[1]
      Executed endpoint 'HTTP: POST /v1/intents/submit'
info: Microsoft.AspNetCore.Hosting.Diagnostics[2]
      Request finished HTTP/1.1 POST http://127.0.0.1:18101/v1/intents/submit - 200 - application/json;+charset=utf-8 2.5284ms
info: Microsoft.AspNetCore.Hosting.Diagnostics[1]
      Request starting HTTP/1.1 GET http://127.0.0.1:18101/v1/stream/updates?cursor=5&limit=500 - - -
info: Microsoft.AspNetCore.Routing.EndpointMiddleware[0]
      Executing endpoint 'HTTP: GET /v1/stream/updates'
info: Microsoft.AspNetCore.Http.Result.JsonResult[1]
      Setting HTTP status code 200.
info: Microsoft.AspNetCore.Http.Result.JsonResult[3]
      Writing value of type 'UpdatesEnvelope' as Json.
info: Microsoft.AspNetCore.Routing.EndpointMiddleware[1]
      Executed endpoint 'HTTP: GET /v1/stream/updates'
info: Microsoft.AspNetCore.Hosting.Diagnostics[2]
      Request finished HTTP/1.1 GET http://127.0.0.1:18101/v1/stream/updates?cursor=5&limit=500 - 200 - application/json;+charset=utf-8 3.0412ms
info: Microsoft.AspNetCore.Hosting.Diagnostics[1]
      Request starting HTTP/1.1 GET http://127.0.0.1:18101/v1/stream/fills?cursor=0&limit=500 - - -
info: Microsoft.AspNetCore.Routing.EndpointMiddleware[0]
      Executing endpoint 'HTTP: GET /v1/stream/fills'
info: Microsoft.AspNetCore.Http.Result.JsonResult[1]
      Setting HTTP status code 200.
info: Microsoft.AspNetCore.Http.Result.JsonResult[3]
      Writing value of type 'FillsEnvelope' as Json.
info: Microsoft.AspNetCore.Routing.EndpointMiddleware[1]
      Executed endpoint 'HTTP: GET /v1/stream/fills'
info: Microsoft.AspNetCore.Hosting.Diagnostics[2]
      Request finished HTTP/1.1 GET http://127.0.0.1:18101/v1/stream/fills?cursor=0&limit=500 - 200 - application/json;+charset=utf-8 1.5544ms
info: Microsoft.AspNetCore.Hosting.Diagnostics[1]
      Request starting HTTP/1.1 GET http://127.0.0.1:18101/health - - -
info: Microsoft.AspNetCore.Routing.EndpointMiddleware[0]
      Executing endpoint 'HTTP: GET /health'
info: Microsoft.AspNetCore.Http.Result.OkObjectResult[1]
      Setting HTTP status code 200.
info: Microsoft.AspNetCore.Http.Result.OkObjectResult[3]
      Writing value of type 'HealthPayload' as Json.
info: Microsoft.AspNetCore.Routing.EndpointMiddleware[1]
      Executed endpoint 'HTTP: GET /health'
info: Microsoft.AspNetCore.Hosting.Diagnostics[2]
      Request finished HTTP/1.1 GET http://127.0.0.1:18101/health - 200 - application/json;+charset=utf-8 1.2041ms
info: Microsoft.AspNetCore.Hosting.Diagnostics[1]
      Request starting HTTP/1.1 GET http://127.0.0.1:18101/health - - -
info: Microsoft.AspNetCore.Routing.EndpointMiddleware[0]
      Executing endpoint 'HTTP: GET /health'
info: Microsoft.AspNetCore.Http.Result.OkObjectResult[1]
      Setting HTTP status code 200.
info: Microsoft.AspNetCore.Http.Result.OkObjectResult[3]
      Writing value of type 'HealthPayload' as Json.
info: Microsoft.AspNetCore.Routing.EndpointMiddleware[1]
      Executed endpoint 'HTTP: GET /health'
info: Microsoft.AspNetCore.Hosting.Diagnostics[2]
      Request finished HTTP/1.1 GET http://127.0.0.1:18101/health - 200 - application/json;+charset=utf-8 0.8331ms
info: Microsoft.AspNetCore.Hosting.Diagnostics[1]
      Request starting HTTP/1.1 POST http://127.0.0.1:18101/v1/admin/kill-switch - application/json;+charset=utf-8 16
info: Microsoft.AspNetCore.Routing.EndpointMiddleware[0]
      Executing endpoint 'HTTP: POST /v1/admin/kill-switch'
info: Microsoft.AspNetCore.Http.Result.JsonResult[1]
      Setting HTTP status code 200.
info: Microsoft.AspNetCore.Http.Result.JsonResult[3]
      Writing value of type 'KillSwitchPayload' as Json.
info: Microsoft.AspNetCore.Routing.EndpointMiddleware[1]
      Executed endpoint 'HTTP: POST /v1/admin/kill-switch'
info: Microsoft.AspNetCore.Hosting.Diagnostics[2]
      Request finished HTTP/1.1 POST http://127.0.0.1:18101/v1/admin/kill-switch - 200 - application/json;+charset=utf-8 2.6309ms
info: Microsoft.AspNetCore.Hosting.Diagnostics[1]
      Request starting HTTP/1.1 POST http://127.0.0.1:18101/v1/intents/INT-STAGING-BATCH-1/cancel - application/json;+charset=utf-8 72
info: Microsoft.AspNetCore.Routing.EndpointMiddleware[0]
      Executing endpoint 'HTTP: POST /v1/intents/{intentId}/cancel'
info: Microsoft.AspNetCore.Http.Result.JsonResult[1]
      Setting HTTP status code 200.
info: Microsoft.AspNetCore.Http.Result.JsonResult[3]
      Writing value of type 'CancelAckEnvelope' as Json.
info: Microsoft.AspNetCore.Routing.EndpointMiddleware[1]
      Executed endpoint 'HTTP: POST /v1/intents/{intentId}/cancel'
info: Microsoft.AspNetCore.Hosting.Diagnostics[2]
      Request finished HTTP/1.1 POST http://127.0.0.1:18101/v1/intents/INT-STAGING-BATCH-1/cancel - 200 - application/json;+charset=utf-8 3.7480ms
info: Microsoft.AspNetCore.Hosting.Diagnostics[1]
      Request starting HTTP/1.1 POST http://127.0.0.1:18101/v1/intents/INT-STAGING-BATCH-2/cancel - application/json;+charset=utf-8 72
info: Microsoft.AspNetCore.Routing.EndpointMiddleware[0]
      Executing endpoint 'HTTP: POST /v1/intents/{intentId}/cancel'
info: Microsoft.AspNetCore.Http.Result.JsonResult[1]
      Setting HTTP status code 200.
info: Microsoft.AspNetCore.Http.Result.JsonResult[3]
      Writing value of type 'CancelAckEnvelope' as Json.
info: Microsoft.AspNetCore.Routing.EndpointMiddleware[1]
      Executed endpoint 'HTTP: POST /v1/intents/{intentId}/cancel'
info: Microsoft.AspNetCore.Hosting.Diagnostics[2]
      Request finished HTTP/1.1 POST http://127.0.0.1:18101/v1/intents/INT-STAGING-BATCH-2/cancel - 200 - application/json;+charset=utf-8 2.1082ms
info: Microsoft.AspNetCore.Hosting.Diagnostics[1]
      Request starting HTTP/1.1 POST http://127.0.0.1:18101/v1/intents/INT-STAGING-BATCH-3/cancel - application/json;+charset=utf-8 72
info: Microsoft.AspNetCore.Routing.EndpointMiddleware[0]
      Executing endpoint 'HTTP: POST /v1/intents/{intentId}/cancel'
info: Microsoft.AspNetCore.Http.Result.JsonResult[1]
      Setting HTTP status code 200.
info: Microsoft.AspNetCore.Http.Result.JsonResult[3]
      Writing value of type 'CancelAckEnvelope' as Json.
info: Microsoft.AspNetCore.Routing.EndpointMiddleware[1]
      Executed endpoint 'HTTP: POST /v1/intents/{intentId}/cancel'
info: Microsoft.AspNetCore.Hosting.Diagnostics[2]
      Request finished HTTP/1.1 POST http://127.0.0.1:18101/v1/intents/INT-STAGING-BATCH-3/cancel - 200 - application/json;+charset=utf-8 2.1332ms
