info: Microsoft.Hosting.Lifetime[14]
      Now listening on: http://127.0.0.1:18101
info: Microsoft.Hosting.Lifetime[0]
      Application started. Press Ctrl+C to shut down.
info: Microsoft.Hosting.Lifetime[0]
      Hosting environment: Production
info: Microsoft.Hosting.Lifetime[0]
      Content root path: D:\trading advisor 3000\artifacts\f1\phase05\real-broker-process\20260331T141208Z-7a1dc827e46e\publish
info: Microsoft.AspNetCore.Hosting.Diagnostics[1]
      Request starting HTTP/1.1 GET http://127.0.0.1:18101/health - - -
info: Microsoft.AspNetCore.Routing.EndpointMiddleware[0]
      Executing endpoint 'HTTP: GET /health'
info: Microsoft.AspNetCore.Http.Result.OkObjectResult[1]
      Setting HTTP status code 200.
info: Microsoft.AspNetCore.Http.Result.OkObjectResult[3]
      Writing value of type 'HealthPayload' as Json.
info: Microsoft.AspNetCore.Routing.EndpointMiddleware[1]
      Executed endpoint 'HTTP: GET /health'
info: Microsoft.AspNetCore.Hosting.Diagnostics[2]
      Request finished HTTP/1.1 GET http://127.0.0.1:18101/health - 200 - application/json;+charset=utf-8 54.3839ms
info: Microsoft.AspNetCore.Hosting.Diagnostics[1]
      Request starting HTTP/1.1 GET http://127.0.0.1:18101/health - - -
info: Microsoft.AspNetCore.Routing.EndpointMiddleware[0]
      Executing endpoint 'HTTP: GET /health'
info: Microsoft.AspNetCore.Http.Result.OkObjectResult[1]
      Setting HTTP status code 200.
info: Microsoft.AspNetCore.Http.Result.OkObjectResult[3]
      Writing value of type 'HealthPayload' as Json.
info: Microsoft.AspNetCore.Routing.EndpointMiddleware[1]
      Executed endpoint 'HTTP: GET /health'
info: Microsoft.AspNetCore.Hosting.Diagnostics[2]
      Request finished HTTP/1.1 GET http://127.0.0.1:18101/health - 200 - application/json;+charset=utf-8 0.8096ms
info: Microsoft.AspNetCore.Hosting.Diagnostics[1]
      Request starting HTTP/1.1 GET http://127.0.0.1:18101/health - - -
info: Microsoft.AspNetCore.Routing.EndpointMiddleware[0]
      Executing endpoint 'HTTP: GET /health'
info: Microsoft.AspNetCore.Http.Result.OkObjectResult[1]
      Setting HTTP status code 200.
info: Microsoft.AspNetCore.Http.Result.OkObjectResult[3]
      Writing value of type 'HealthPayload' as Json.
info: Microsoft.AspNetCore.Routing.EndpointMiddleware[1]
      Executed endpoint 'HTTP: GET /health'
info: Microsoft.AspNetCore.Hosting.Diagnostics[2]
      Request finished HTTP/1.1 GET http://127.0.0.1:18101/health - 200 - application/json;+charset=utf-8 0.3680ms
info: Microsoft.AspNetCore.Hosting.Diagnostics[1]
      Request starting HTTP/1.1 POST http://127.0.0.1:18101/v1/intents/submit - application/json;+charset=utf-8 287
info: Microsoft.AspNetCore.Routing.EndpointMiddleware[0]
      Executing endpoint 'HTTP: POST /v1/intents/submit'
info: Microsoft.AspNetCore.Http.Result.JsonResult[1]
      Setting HTTP status code 200.
info: Microsoft.AspNetCore.Http.Result.JsonResult[3]
      Writing value of type 'SubmitAckEnvelope' as Json.
info: Microsoft.AspNetCore.Routing.EndpointMiddleware[1]
      Executed endpoint 'HTTP: POST /v1/intents/submit'
info: Microsoft.AspNetCore.Hosting.Diagnostics[2]
      Request finished HTTP/1.1 POST http://127.0.0.1:18101/v1/intents/submit - 200 - application/json;+charset=utf-8 9.0829ms
info: Microsoft.AspNetCore.Hosting.Diagnostics[1]
      Request starting HTTP/1.1 GET http://127.0.0.1:18101/v1/stream/updates?cursor=&limit=500 - - -
info: Microsoft.AspNetCore.Routing.EndpointMiddleware[0]
      Executing endpoint 'HTTP: GET /v1/stream/updates'
info: Microsoft.AspNetCore.Http.Result.JsonResult[1]
      Setting HTTP status code 200.
info: Microsoft.AspNetCore.Http.Result.JsonResult[3]
      Writing value of type 'UpdatesEnvelope' as Json.
info: Microsoft.AspNetCore.Routing.EndpointMiddleware[1]
      Executed endpoint 'HTTP: GET /v1/stream/updates'
info: Microsoft.AspNetCore.Hosting.Diagnostics[2]
      Request finished HTTP/1.1 GET http://127.0.0.1:18101/v1/stream/updates?cursor=&limit=500 - 200 - application/json;+charset=utf-8 6.8858ms
info: Microsoft.AspNetCore.Hosting.Diagnostics[1]
      Request starting HTTP/1.1 GET http://127.0.0.1:18101/v1/stream/fills?cursor=&limit=500 - - -
info: Microsoft.AspNetCore.Routing.EndpointMiddleware[0]
      Executing endpoint 'HTTP: GET /v1/stream/fills'
info: Microsoft.AspNetCore.Http.Result.JsonResult[1]
      Setting HTTP status code 200.
info: Microsoft.AspNetCore.Http.Result.JsonResult[3]
      Writing value of type 'FillsEnvelope' as Json.
info: Microsoft.AspNetCore.Routing.EndpointMiddleware[1]
      Executed endpoint 'HTTP: GET /v1/stream/fills'
info: Microsoft.AspNetCore.Hosting.Diagnostics[2]
      Request finished HTTP/1.1 GET http://127.0.0.1:18101/v1/stream/fills?cursor=&limit=500 - 200 - application/json;+charset=utf-8 2.3805ms
info: Microsoft.AspNetCore.Hosting.Diagnostics[1]
      Request starting HTTP/1.1 POST http://127.0.0.1:18101/v1/intents/submit - application/json;+charset=utf-8 284
info: Microsoft.AspNetCore.Routing.EndpointMiddleware[0]
      Executing endpoint 'HTTP: POST /v1/intents/submit'
info: Microsoft.AspNetCore.Http.Result.JsonResult[1]
      Setting HTTP status code 200.
info: Microsoft.AspNetCore.Http.Result.JsonResult[3]
      Writing value of type 'SubmitAckEnvelope' as Json.
info: Microsoft.AspNetCore.Routing.EndpointMiddleware[1]
      Executed endpoint 'HTTP: POST /v1/intents/submit'
info: Microsoft.AspNetCore.Hosting.Diagnostics[2]
      Request finished HTTP/1.1 POST http://127.0.0.1:18101/v1/intents/submit - 200 - application/json;+charset=utf-8 0.3188ms
info: Microsoft.AspNetCore.Hosting.Diagnostics[1]
      Request starting HTTP/1.1 POST http://127.0.0.1:18101/v1/intents/submit - application/json;+charset=utf-8 284
info: Microsoft.AspNetCore.Routing.EndpointMiddleware[0]
      Executing endpoint 'HTTP: POST /v1/intents/submit'
info: Microsoft.AspNetCore.Http.Result.JsonResult[1]
      Setting HTTP status code 200.
info: Microsoft.AspNetCore.Http.Result.JsonResult[3]
      Writing value of type 'SubmitAckEnvelope' as Json.
info: Microsoft.AspNetCore.Routing.EndpointMiddleware[1]
      Executed endpoint 'HTTP: POST /v1/intents/submit'
info: Microsoft.AspNetCore.Hosting.Diagnostics[2]
      Request finished HTTP/1.1 POST http://127.0.0.1:18101/v1/intents/submit - 200 - application/json;+charset=utf-8 0.3699ms
info: Microsoft.AspNetCore.Hosting.Diagnostics[1]
      Request starting HTTP/1.1 POST http://127.0.0.1:18101/v1/intents/submit - application/json;+charset=utf-8 284
info: Microsoft.AspNetCore.Routing.EndpointMiddleware[0]
      Executing endpoint 'HTTP: POST /v1/intents/submit'
info: Microsoft.AspNetCore.Http.Result.JsonResult[1]
      Setting HTTP status code 200.
info: Microsoft.AspNetCore.Http.Result.JsonResult[3]
      Writing value of type 'SubmitAckEnvelope' as Json.
info: Microsoft.AspNetCore.Routing.EndpointMiddleware[1]
      Executed endpoint 'HTTP: POST /v1/intents/submit'
info: Microsoft.AspNetCore.Hosting.Diagnostics[2]
      Request finished HTTP/1.1 POST http://127.0.0.1:18101/v1/intents/submit - 200 - application/json;+charset=utf-8 0.1987ms
info: Microsoft.AspNetCore.Hosting.Diagnostics[1]
      Request starting HTTP/1.1 GET http://127.0.0.1:18101/v1/stream/updates?cursor=1&limit=500 - - -
info: Microsoft.AspNetCore.Routing.EndpointMiddleware[0]
      Executing endpoint 'HTTP: GET /v1/stream/updates'
info: Microsoft.AspNetCore.Http.Result.JsonResult[1]
      Setting HTTP status code 200.
info: Microsoft.AspNetCore.Http.Result.JsonResult[3]
      Writing value of type 'UpdatesEnvelope' as Json.
info: Microsoft.AspNetCore.Routing.EndpointMiddleware[1]
      Executed endpoint 'HTTP: GET /v1/stream/updates'
info: Microsoft.AspNetCore.Hosting.Diagnostics[2]
      Request finished HTTP/1.1 GET http://127.0.0.1:18101/v1/stream/updates?cursor=1&limit=500 - 200 - application/json;+charset=utf-8 0.1732ms
info: Microsoft.AspNetCore.Hosting.Diagnostics[1]
      Request starting HTTP/1.1 GET http://127.0.0.1:18101/v1/stream/fills?cursor=0&limit=500 - - -
info: Microsoft.AspNetCore.Routing.EndpointMiddleware[0]
      Executing endpoint 'HTTP: GET /v1/stream/fills'
info: Microsoft.AspNetCore.Http.Result.JsonResult[1]
      Setting HTTP status code 200.
info: Microsoft.AspNetCore.Http.Result.JsonResult[3]
      Writing value of type 'FillsEnvelope' as Json.
info: Microsoft.AspNetCore.Routing.EndpointMiddleware[1]
      Executed endpoint 'HTTP: GET /v1/stream/fills'
info: Microsoft.AspNetCore.Hosting.Diagnostics[2]
      Request finished HTTP/1.1 GET http://127.0.0.1:18101/v1/stream/fills?cursor=0&limit=500 - 200 - application/json;+charset=utf-8 0.0995ms
info: Microsoft.AspNetCore.Hosting.Diagnostics[1]
      Request starting HTTP/1.1 GET http://127.0.0.1:18101/health - - -
info: Microsoft.AspNetCore.Routing.EndpointMiddleware[0]
      Executing endpoint 'HTTP: GET /health'
info: Microsoft.AspNetCore.Http.Result.OkObjectResult[1]
      Setting HTTP status code 200.
info: Microsoft.AspNetCore.Http.Result.OkObjectResult[3]
      Writing value of type 'HealthPayload' as Json.
info: Microsoft.AspNetCore.Routing.EndpointMiddleware[1]
      Executed endpoint 'HTTP: GET /health'
info: Microsoft.AspNetCore.Hosting.Diagnostics[2]
      Request finished HTTP/1.1 GET http://127.0.0.1:18101/health - 200 - application/json;+charset=utf-8 0.1854ms
info: Microsoft.AspNetCore.Hosting.Diagnostics[1]
      Request starting HTTP/1.1 GET http://127.0.0.1:18101/health - - -
info: Microsoft.AspNetCore.Routing.EndpointMiddleware[0]
      Executing endpoint 'HTTP: GET /health'
info: Microsoft.AspNetCore.Http.Result.OkObjectResult[1]
      Setting HTTP status code 200.
info: Microsoft.AspNetCore.Http.Result.OkObjectResult[3]
      Writing value of type 'HealthPayload' as Json.
info: Microsoft.AspNetCore.Routing.EndpointMiddleware[1]
      Executed endpoint 'HTTP: GET /health'
info: Microsoft.AspNetCore.Hosting.Diagnostics[2]
      Request finished HTTP/1.1 GET http://127.0.0.1:18101/health - 200 - application/json;+charset=utf-8 0.0905ms
